                                      1 ;--------------------------------------------------------
                                      2 ; File Created by SDCC : free open source ANSI-C Compiler
                                      3 ; Version 3.5.0 #9253 (Mar 24 2016) (Linux)
                                      4 ; This file was generated Sat Jun  9 15:01:20 2018
                                      5 ;--------------------------------------------------------
                                      6 	.module MyApplication
                                      7 	.optsdcc -mstm8
                                      8 	
                                      9 ;--------------------------------------------------------
                                     10 ; Public variables in this module
                                     11 ;--------------------------------------------------------
                                     12 	.globl _main
                                     13 	.globl _add
                                     14 	.globl _getBlinkDelay
                                     15 ;--------------------------------------------------------
                                     16 ; ram data
                                     17 ;--------------------------------------------------------
                                     18 	.area DATA
                                     19 ;--------------------------------------------------------
                                     20 ; ram data
                                     21 ;--------------------------------------------------------
                                     22 	.area INITIALIZED
                                     23 ;--------------------------------------------------------
                                     24 ; Stack segment in internal ram 
                                     25 ;--------------------------------------------------------
                                     26 	.area	SSEG
      000000                         27 __start__stack:
      000000                         28 	.ds	1
                                     29 
                                     30 ;--------------------------------------------------------
                                     31 ; absolute external ram data
                                     32 ;--------------------------------------------------------
                                     33 	.area DABS (ABS)
                                     34 ;--------------------------------------------------------
                                     35 ; interrupt vector 
                                     36 ;--------------------------------------------------------
                                     37 	.area HOME
      000000                         38 __interrupt_vect:
      000000 82v00u00u00             39 	int s_GSINIT ;reset
      000004 82 00 00 00             40 	int 0x0000 ;trap
      000008 82 00 00 00             41 	int 0x0000 ;int0
      00000C 82 00 00 00             42 	int 0x0000 ;int1
      000010 82 00 00 00             43 	int 0x0000 ;int2
      000014 82 00 00 00             44 	int 0x0000 ;int3
      000018 82 00 00 00             45 	int 0x0000 ;int4
      00001C 82 00 00 00             46 	int 0x0000 ;int5
      000020 82 00 00 00             47 	int 0x0000 ;int6
      000024 82 00 00 00             48 	int 0x0000 ;int7
      000028 82 00 00 00             49 	int 0x0000 ;int8
      00002C 82 00 00 00             50 	int 0x0000 ;int9
      000030 82 00 00 00             51 	int 0x0000 ;int10
      000034 82 00 00 00             52 	int 0x0000 ;int11
      000038 82 00 00 00             53 	int 0x0000 ;int12
      00003C 82 00 00 00             54 	int 0x0000 ;int13
      000040 82 00 00 00             55 	int 0x0000 ;int14
      000044 82 00 00 00             56 	int 0x0000 ;int15
      000048 82 00 00 00             57 	int 0x0000 ;int16
      00004C 82 00 00 00             58 	int 0x0000 ;int17
      000050 82 00 00 00             59 	int 0x0000 ;int18
      000054 82 00 00 00             60 	int 0x0000 ;int19
      000058 82 00 00 00             61 	int 0x0000 ;int20
      00005C 82 00 00 00             62 	int 0x0000 ;int21
      000060 82 00 00 00             63 	int 0x0000 ;int22
      000064 82 00 00 00             64 	int 0x0000 ;int23
      000068 82 00 00 00             65 	int 0x0000 ;int24
      00006C 82 00 00 00             66 	int 0x0000 ;int25
      000070 82 00 00 00             67 	int 0x0000 ;int26
      000074 82 00 00 00             68 	int 0x0000 ;int27
      000078 82 00 00 00             69 	int 0x0000 ;int28
      00007C 82 00 00 00             70 	int 0x0000 ;int29
                                     71 ;--------------------------------------------------------
                                     72 ; global & static initialisations
                                     73 ;--------------------------------------------------------
                                     74 	.area HOME
                                     75 	.area GSINIT
                                     76 	.area GSFINAL
                                     77 	.area GSINIT
      000000                         78 __sdcc_gs_init_startup:
      000000                         79 __sdcc_init_data:
                                     80 ; stm8_genXINIT() start
      000000 AEr00r00         [ 2]   81 	ldw x, #l_DATA
      000003 27 07            [ 1]   82 	jreq	00002$
      000005                         83 00001$:
      000005 72 4FuFFuFF      [ 1]   84 	clr (s_DATA - 1, x)
      000009 5A               [ 2]   85 	decw x
      00000A 26 F9            [ 1]   86 	jrne	00001$
      00000C                         87 00002$:
      00000C AEr00r00         [ 2]   88 	ldw	x, #l_INITIALIZER
      00000F 27 09            [ 1]   89 	jreq	00004$
      000011                         90 00003$:
      000011 D6uFFuFF         [ 1]   91 	ld	a, (s_INITIALIZER - 1, x)
      000014 D7uFFuFF         [ 1]   92 	ld	(s_INITIALIZED - 1, x), a
      000017 5A               [ 2]   93 	decw	x
      000018 26 F7            [ 1]   94 	jrne	00003$
      00001A                         95 00004$:
                                     96 ; stm8_genXINIT() end
                                     97 	.area GSFINAL
      000000 CCr00r80         [ 2]   98 	jp	__sdcc_program_startup
                                     99 ;--------------------------------------------------------
                                    100 ; Home
                                    101 ;--------------------------------------------------------
                                    102 	.area HOME
                                    103 	.area HOME
      000080                        104 __sdcc_program_startup:
      000080 CCr00r00         [ 2]  105 	jp	_main
                                    106 ;	return from main will return to caller
                                    107 ;--------------------------------------------------------
                                    108 ; code
                                    109 ;--------------------------------------------------------
                                    110 	.area CODE
                                    111 ;	src/MyApplication.c: 5: int main(){
                                    112 ;	-----------------------------------------
                                    113 ;	 function main
                                    114 ;	-----------------------------------------
      000000                        115 _main:
      000000 52 04            [ 2]  116 	sub	sp, #4
                                    117 ;	src/MyApplication.c: 7: uint32_t maxDelay = getBlinkDelay();
      000002 CDr00r00         [ 4]  118 	call	_getBlinkDelay
      000005 1F 03            [ 2]  119 	ldw	(0x03, sp), x
      000007 17 01            [ 2]  120 	ldw	(0x01, sp), y
                                    121 ;	src/MyApplication.c: 8: add(3,5);
      000009 4B 05            [ 1]  122 	push	#0x05
      00000B 4B 00            [ 1]  123 	push	#0x00
      00000D 4B 03            [ 1]  124 	push	#0x03
      00000F 4B 00            [ 1]  125 	push	#0x00
      000011 CDr00r00         [ 4]  126 	call	_add
      000014 5B 04            [ 2]  127 	addw	sp, #4
                                    128 ;	src/MyApplication.c: 9: GPIOB->DDR |= GPIO_PIN_5;
      000016 AE 50 07         [ 2]  129 	ldw	x, #0x5007
      000019 F6               [ 1]  130 	ld	a, (x)
      00001A AA 20            [ 1]  131 	or	a, #0x20
      00001C F7               [ 1]  132 	ld	(x), a
                                    133 ;	src/MyApplication.c: 10: GPIOB->CR1 |= GPIO_PIN_5;
      00001D AE 50 08         [ 2]  134 	ldw	x, #0x5008
      000020 F6               [ 1]  135 	ld	a, (x)
      000021 AA 20            [ 1]  136 	or	a, #0x20
      000023 F7               [ 1]  137 	ld	(x), a
                                    138 ;	src/MyApplication.c: 13: while(1){
      000024                        139 00103$:
                                    140 ;	src/MyApplication.c: 14: GPIOB->ODR ^= GPIO_PIN_5;
      000024 AE 50 05         [ 2]  141 	ldw	x, #0x5005
      000027 F6               [ 1]  142 	ld	a, (x)
      000028 A8 20            [ 1]  143 	xor	a, #0x20
      00002A F7               [ 1]  144 	ld	(x), a
                                    145 ;	src/MyApplication.c: 15: for(delayCounter=0; delayCounter<maxDelay;delayCounter++);
      00002B 5F               [ 1]  146 	clrw	x
      00002C 90 5F            [ 1]  147 	clrw	y
      00002E                        148 00106$:
      00002E 13 03            [ 2]  149 	cpw	x, (0x03, sp)
      000030 90 9F            [ 1]  150 	ld	a, yl
      000032 12 02            [ 1]  151 	sbc	a, (0x02, sp)
      000034 90 9E            [ 1]  152 	ld	a, yh
      000036 12 01            [ 1]  153 	sbc	a, (0x01, sp)
      000038 24 EA            [ 1]  154 	jrnc	00103$
      00003A 1C 00 01         [ 2]  155 	addw	x, #0x0001
      00003D 90 9F            [ 1]  156 	ld	a, yl
      00003F A9 00            [ 1]  157 	adc	a, #0x00
      000041 90 02            [ 1]  158 	rlwa	y
      000043 A9 00            [ 1]  159 	adc	a, #0x00
      000045 90 95            [ 1]  160 	ld	yh, a
      000047 20 E5            [ 2]  161 	jra	00106$
      000049 5B 04            [ 2]  162 	addw	sp, #4
      00004B 81               [ 4]  163 	ret
                                    164 	.area CODE
                                    165 	.area INITIALIZER
                                    166 	.area CABS (ABS)
