                                      1 ;--------------------------------------------------------
                                      2 ; File Created by SDCC : free open source ANSI-C Compiler
                                      3 ; Version 3.5.0 #9253 (Mar 24 2016) (Linux)
                                      4 ; This file was generated Sat Jun  9 15:01:20 2018
                                      5 ;--------------------------------------------------------
                                      6 	.module MyModule2
                                      7 	.optsdcc -mstm8
                                      8 	
                                      9 ;--------------------------------------------------------
                                     10 ; Public variables in this module
                                     11 ;--------------------------------------------------------
                                     12 	.globl _add
                                     13 ;--------------------------------------------------------
                                     14 ; ram data
                                     15 ;--------------------------------------------------------
                                     16 	.area DATA
                                     17 ;--------------------------------------------------------
                                     18 ; ram data
                                     19 ;--------------------------------------------------------
                                     20 	.area INITIALIZED
                                     21 ;--------------------------------------------------------
                                     22 ; absolute external ram data
                                     23 ;--------------------------------------------------------
                                     24 	.area DABS (ABS)
                                     25 ;--------------------------------------------------------
                                     26 ; global & static initialisations
                                     27 ;--------------------------------------------------------
                                     28 	.area HOME
                                     29 	.area GSINIT
                                     30 	.area GSFINAL
                                     31 	.area GSINIT
                                     32 ;--------------------------------------------------------
                                     33 ; Home
                                     34 ;--------------------------------------------------------
                                     35 	.area HOME
                                     36 	.area HOME
                                     37 ;--------------------------------------------------------
                                     38 ; code
                                     39 ;--------------------------------------------------------
                                     40 	.area CODE
                                     41 ;	src/MyModule2.c: 20: int add(int a, int b){
                                     42 ;	-----------------------------------------
                                     43 ;	 function add
                                     44 ;	-----------------------------------------
      000000                         45 _add:
                                     46 ;	src/MyModule2.c: 21: return a+b;
      000000 1E 03            [ 2]   47 	ldw	x, (0x03, sp)
      000002 72 FB 05         [ 2]   48 	addw	x, (0x05, sp)
      000005 81               [ 4]   49 	ret
                                     50 	.area CODE
                                     51 	.area INITIALIZER
                                     52 	.area CABS (ABS)
